[   0.00000] Initializing cgroup subsys cpuset
[    0.000000] Initializing cgroup subsys cpu
[    0.000000] Initiazinng cgroup subsys cpuacct
[    0.000000] Linux version 4.4.0-127-generic (buildd@lcy01-amd64-23 (gcc vrsion 5.4.0 20160609 (Ubuntu 5.4.0-6ubuntu1~16.04.9) ) #153-Ubuntu SMP Sat May 19 10:58:46 UTC 2018 (Ubuntu 4.4.0-127.153-generic 4.4.128)
[    0.000000] Command line: BOOT_IMAGE=/boot/vmlinuz-4.4.0-127-generic root=LABEL=cloudimg-rootfs ro console=tty1 console=ttyS0
[    0.000000] KERNEL supported cpus:
[    0.000000]   Intel GenuineIntel
[    0.000000]   AMD AuthenticAMD
[    0.000000]   Centaur CentaurHauls
[    00000 x86/fpu: xstate_offset[2]:  576, xstate_sizes[2]:  256
[    0.000000] x86/fpu: Supporting XSAVE feature 0x01: 'x87 floating poinreisters'
[    0.000000] x86/fpu: Supporting XSAVE feature 0x02: 'SSE registers'
[    0.000000] x86/fpu: Supporting XSAVE feature 0x04: 'AVX registers'
[    0.000000] x86/fpu: Enabled xstate features 0x7, context size is 832 bytes, using 'standard' format.
[    0.000000] x86/fpu: Using 'lazy' FPU context switches.
[    0.000000] e820: BIOS-provided physical RAM map:
[    0.000000] BIOS-e820: [mem 0x0000000000000000-0x000000000009fbff] usable
[    0.000000] BIOS-e820: [mem 0x000000000009fc00-0x000000000009ffff] reserved
[    0.000000] BIOS-e820: [mem 0x00000000000f0000-0x00000000000fffff] reserved
[    0.000000] BIOS-e820: [mem 0x0000000000100000-0x000000003ffeffff] usable
[    0.000000] BIOS-e820: [mem 0x000000003fff0000-0x000000003fffffff]ACPI data
[    0.000000]  BIOS-e820: [mem 0x00000000fec00000-0x00000000fe00fff] reserved
[    0.000000] BIOS-e820: [mem 0x00000000fee00000-0x00000000fee00fff] reserved
[    0.000000] BIOS-e820: [mem 0x00000000fffc0000-0x00000000ffffffff] reserved
[    0.000000] NX (Execute Diable) protection: active
[    0.000000] SMBIOS 2.5 present.
[    0.000000] Hypervisr detected: KVM
[    0.000000] e820: last_pfn = 0x3fff00 max_arch_pfn = 0x400000000
[    0.000000] MTRR: Disabled
[    0.000000] x86/PAT: MTRRs disabled, skipping PAT initialization too.
[    0.000000] CPU MTRRs all blank - virtualized system.
[   0.000000] x86/PAT: Configuration [0-7]: WB  WT  UC- UC  WB  WT  UC- UC  
[    0.000000] found SMP MP-table at [mem 0x0009fff0-0x0009ffff] mapped at [ffff88000009fff0]
[    0.000000] Scanning 1 areas for low memory corruption
[    0.000000] RAMDISK: [mem 0x36a96000-0x37542fff]
[    0.000000] ACPI: Early table checksum verification disabled
[    0.000000] ACPI: RSDP 0x00000000000E0000 000024 (v02 VBOX  )
[    0.000000] ACPI: XSDT 0x000000003FFF0030 00003C (v01 VBOX   VBOXXSDT 00000001 ASL  00000061)
[    0.000000] ACPI: FACP 0x000000003FFF00F0 0000F4 (v04 VBOX   VBOXFACP 00000001 ASL  00000061)
[    0.000000] ACPI: DSDT 0x000000003FFF0470 0021FF (v02 VBOX   VBOXBIOS 00000002 INTL 20100528)
[    0.000000] ACPI: FACS 0x000000003FFF0200 000040
[    0.000000] ACPI: FACS 0x000000003FFF0200 000040
[    0.000000] ACPI: APIC 0x000000003FFF0240 00005C (v02 VBOX   VBOXAPIC 00000001 ASL  00000061)
[    0.000000] ACPI: SSDT 0x000000003FFF02A0 0001CC (v01 VBOX   VBOXCPUT 00000002 INTL 20100528)
[    0.000000] No NUMA configuration found
[    0.000000] Faking a node at [mem 0x0000000000000000-0x000000003ffeffff]
[    0.000000] NODE_DATA(0) allocated [mem 0x3ffeb000-0x3ffeffff]
[    0.000000] kvm-clock: Using msrs 4b564d01 and 4b564d00
[    0.000000] kvm-clock: cpu 0, msr 0:3ffe3001, primary cpu clock
[    0.000000] kvm-clock: using schedoffset of 4262319537 cycles
[    0.000000] clocksource: kvm-clock: mask: 0xffffffffffffffff max_cycles: 0x1cd42e4dffb, max_idle_ns: 881590591483 ns
[    0.000000] Zone ranges:
[   .000000]   DMA      [mem 0x0000000000001000-0x0000000000ffffff]
[    0.000000]   DMA32    [mem 0x00000001000000-0x000000003ffefff][    0.000000]   Normal   empty
[    0.000000]   Device   empty
[    0.000000] Movable zone start for each node
[    0.000000] Early memory node ranges
[    0.000000]   node   0: [mem 0x0000000000001000-0x000000000009efff]
[    0.000000]   node   0: [mem 0x0000000100000-0x000000003ffeffff
[   .000000] Initmem setup node 0 [mem 0x0000000000001000-0x000000003ffeffff]
[    0.000000] ACPI: PM-Timer IO Port: 0x4008
[    0.000000] IOAIC]: apic_id 2, version 32, address 0xfec00000, SI 0-23
[    0.000000] ACPI: INT_SRC_OVR (bus 0 bus_irq 0 global_irq 2 dfl dfl)
[    0.000000] ACPI: INT_SRC_OVR (bus 0 bus_irq 9 global_irq 9 low level)
[    0.000000] Using ACPI (MADT) for SMP configuration information
[    0.000000] smpboot: Allowing 2 CPUs, 0 hotplug CPUs
[    0.000000] PM: Registered nosave memory: [mem 0x00000000-0x00000fff]
[    0.000000] PM: Registered nosave memory: [mem 0x0009f000-0x0009ffff]
[    0.000000] PM: Registered noave memory: [mem 0x000a0000-0x000effff]
[    0.000000] PM: Registered nosave memory: [mem 0x000f0000-0x000fffff]
[    0.000000] e820: [mem 0x0000000-0xfebfffff] available for PCI devices
[    0.000000] Booting paravirtualized kernel on KVM
[    0.000000] clocksource: refined-jiffies: mask: 0xffffffff max_cycles 0ffffffff, max_idle_ns: 7645519600211568 ns
  0.00000] setup_percpu: NR_CPUS:12nr_cpumask_bits:512 nr_puds:2 nr_node_ids:1
[    0.000000] PERCPU: Embedded 34 pages/cpu @ffff8003fc00000 s99544 r8192 d31528 u1048576
[    0.000000] PV qspinlock hash table entries: 256 (order: 0, 4096 bytes)
[    0.000000] Built 1 zonelists in Node order, mobility grouping on.  Total pages: 257912
[    0.000000] Policy zone: DMA32
[    0.000000] Kernel command line: BOOT_IMAG=/boot/vmlinuz-4.4.0-127-generic root=LABEL=cloudimg-rootfs ro console=tty1 consoe=ttyS0
[    0.000000] PID hassh table entries: 409(oder: 3, 32768 bytes)
[    0.000000] Memory: 1001588K/1048120K available (8537K kernel code, 1313K rwdata, 4000K rodata, 1512K init, 1316K bss, 46532K reserved, 0K cma-reserved)
[    0.000000] SLUB: HWalign=64, Order=0-3, MinObjects=0, CPUs=2, Nodes=1
[    0.000000] Kernel/User page tables isolation: enabled
[    0.000000] Hierarchical RCU implementtin.
[    0.000000] 	Buildtime adjustment of leaf fanout to 64.
[    0.000000] 	RCU restricting CPUs from NR_CPUS=512 to nr_cpu_ids=2.
[    0.000] RCU: Adjusting geometry for rcu_fanout_leaf=64, nr_cpu_ids=
[    0.000000] NR_IRQS:33024 nr_irqs:440 16
[    0.000000] Console: colour VGA+ 80x25
[   0.00000] csole [tty1] enabled
[    0.000000] console [ttyS0] enabled
[    0.00000 tc: Detected 2600.000 MHz processor
[    1.931289] Calibrating delay loop (skipped) preset value.. 5200.00 BogoMIPS (lpj=10400000)
[    1.940075] pid_max: default: 32768 minimum: 301
[    1.943405] ACPI: Core revision 20150930
[    1.955768] ACPI: 2 ACPI AML tables successfully acquired and loaded
[    1.975233] Security Framework initialized
[    1.993012] Yama: becoming mindful.
[    1.995334] AppArmor: AppArmor initialized
[    2.005128] Dentry cache hash table entries: 131072 (order: 8, 1048576 bytes)
[    2.030672] Inode-cache hash table entries: 65536 (order: 7, 524288 bytes)
[    2.039290] Mount-cache hash table entries: 2048 (order: 2, 16384 bytes)
[    2.055887] Mountpoint-cache hash table entries: 2048 (order: 2, 16384 bytes)
[    2.089466] Initializing cgroup subsys io
[    2.091229] Initializing cgroup subsys memory
[    2.103912] Initializing cgroup subsys devices
[    2.116344] Initializing cgroup subsys freezer
[    2.165241] Initializing cgroup subsys net_cls
[    2.167328] Initializing cgroup subsys perf_event
[    2.180382] Initializing cgroup subsys net_prio
[    2.192074] Initializing cgroup subsys hugetlb
[    2.218014] Initializing cgroup subsys pids
[    2.247519] CPU: Physical Processor ID: 0
[    2.253740] CPU: Processor Core ID: 0
[    2.264874] mce: CPU supports 0 MCE banks
[    2.266176] Last level iTLB entries: 4KB 1024, 2MB 1024, 4MB 1024
[    2.273666] Last level dTLB entries: 4KB 1024, 2MB 1024, 4MB 1024, 1GB 4
[    2.276225] Spectre V2 : Mitigation: Full generic retpoline
[    2.292636] Spectre V2 : Speculation control IBPB not-supported IBRS not-supported
[    2.308594] Speculative Store Bypass: Vulnerable
[    2.338104] Freeing SMP alternatives memory: 32K
[    2.352053] ftrace: allocating 32237 entries in 126 pages
[    2.430318] smpboot: APIC(0) Converting physical 0 to logical package 0
[    2.453411] smpboot: Max logical packages: 1
[    2.455880] x2apic enabled
[    2.476301] Switched APIC routing to physical x2apic.
[    2.482120] ..TIMER: vector=0x30 apic1=0 pin1=2 apic2=-1 pin2=-1
[    2.611029] smpboot: CPU0: Intel(R) Core(TM) i5-4278U CPU @ 2.60GHz (family: 0x6, model: 0x45, stepping: 0x1)
[    2.625813] Performance Events: unsupported p6 CPU model 69 no PMU driver, software events only.
[    2.637170] KVM setup paravirtual spinlock
[    2.650432] x86: Booting SMP configuration:
[    2.651774] .... node  #0, CPUs:      #1
[    2.673628] kvm-clock: cpu 1, msr 0:3ffe3041, secondary cpu clock
[    2.684376] mce: CPU supports 0 MCE banks
[    2.687150] x86: Booted up 1 node, 2 CPUs
[    2.692942] smpboot: Total of 2 processors activated (10400.00 BogoMIPS)
[    2.705054] devtmpfs: initialized
[    2.715673] evm: security.selinux
[    2.721820] evm: security.SMACK64
[    2.724476] evm: security.SMACK64EXEC
[    2.729601] evm: security.SMACK64TRANSMUTE
[    2.747882] evm: security.SMACK64MMAP
[    2.757699] evm: security.ima
[    2.759984] evm: security.capability
[    2.763933] clocksource: jiffies: mask: 0xffffffff max_cycles: 0xffffffff, max_idle_ns: 7645041785100000 ns
[    2.791304] futex hash table entries: 512 (order: 3, 32768 bytes)
[    2.804486] pinctrl core: initialized pinctrl subsystem
[    2.841669] RTC time: 12:48:53, date: 05/28/18
[    2.843471] NET: Registered protocol family 16
[    2.867523] cpuidle: using governor ladder
[    2.895246] cpuidle: using governor menu
[    2.900888] PCCT header not found.
[    2.914409] ACPI: bus type PCI registered
[    2.943696] acpiphp: ACPI Hot Plug PCI Controller Driver version: 0.5
[    2.964133] PCI: Using configuration type 1 for base access
[    2.997016] ACPI: Added _OSI(Module Device)
[    3.005147] ACPI: Added _OSI(Processor Device)
[    3.007474] ACPI: Added _OSI(3.0 _SCP Extensions)
[    3.034012] ACPI: Added _OSI(Processor Aggregator Device)
[    3.043076] ACPI: Executed 1 blocks of module-level executable AML code
[    3.070533] ACPI: Interpreter enabled
[    3.083131] ACPI: (supports S0 S5)
[    3.088657] ACPI: Using IOAPIC for interrupt routing
[    3.100801] PCI: Using host bridge windows from ACPI; if necessary, use "pci=nocrs" and report a bug
[    3.138680] ACPI: PCI Root Bridge [PCI0] (domain 0000 [bus 00-ff])
[    3.152024] acpi PNP0A03:00: _OSC: OS supports [ASPM ClockPM Segments MSI]
[    3.176262] acpi PNP0A03:00: _OSC: not requesting OS control; OS requires [ExtendedConfig ASPM ClockPM MSI]
[    3.188807] acpi PNP0A03:00: fail to add MMCONFIG information, can't access extended PCI configuration space under this bridge.
[    3.198499] PCI host bridge to bus 0000:00
[    3.199613] pci_bus 0000:00: root bus resource [io  0x0000-0x0cf7 window]
[    3.201164] pci_bus 0000:00: root bus resource [io  0x0d00-0xffff window]
[    3.203283] pci_bus 0000:00: root bus resource [mem 0x000a0000-0x000bffff window]
[    3.206868] pci_bus 0000:00: root bus resource [mem 0x40000000-0xfdffffff window]
[    3.227946] pci_bus 0000:00: root bus resource [bus 00-ff]
[    3.238709] pci 0000:00:01.1: legacy IDE quirk: reg 0x10: [io  0x01f0-0x01f7]
[    3.248979] pci 0000:00:01.1: legacy IDE quirk: reg 0x14: [io  0x03f6]
[    3.267540] pci 0000:00:01.1: legacy IDE quirk: reg 0x18: [io  0x0170-0x0177]
[    3.326439] pci 0000:00:01.1: legacy IDE quirk: reg 0x1c: [io  0x0376]
[    3.391371] pci 0000:00:07.0: quirk: [io  0x4000-0x403f] claimed by PIIX4 ACPI
[    3.394885] pci 0000:00:07.0: quirk: [io  0x4100-0x410f] claimed by PIIX4 SMB
[    3.419069] ACPI: PCI Interrupt Link [LNKA] (IRQs 5 9 10 *11)
[    3.432058] ACPI: PCI Interrupt Link [LNKB] (IRQs 5 9 *10 11)
[    3.440838] ACPI: PCI Interrupt Link [LNKC] (IRQs 5 *9 10 11)
[    3.451793] ACPI: PCI Interrupt Link [LNKD] (IRQs 5 9 10 *11)
[    3.456928] ACPI: Enabled 2 GPEs in block 00 to 07
[    3.465637] vgaarb: setting as boot device: PCI:0000:00:02.0
[    3.477143] vgaarb: device added: PCI:0000:00:02.0,decodes=io+mem,owns=io+mem,locks=none
[    3.490206] vgaarb: loaded
[    3.491783] vgaarb: bridge control possible 0000:00:02.0
[    3.499466] SCSI subsystem initialized
[    3.500888] ACPI: bus type USB registered
[    3.513852] usbcore: registered new interface driver usbfs
[    3.515658] usbcore: registered new interface driver hub
[    3.517309] usbcore: registered new device driver usb
[    3.522151] PCI: Using ACPI for IRQ routing
[    3.530238] NetLabel: Initializing
[    3.531448] NetLabel:  domain hash size = 128
[    3.541434] NetLabel:  protocols = UNLABELED CIPSOv4
[    3.543022] NetLabel:  unlabeled traffic allowed by default
[    3.564108] amd_nb: Cannot enumerate AMD northbridges
[    3.576339] clocksource: Switched to clocksource kvm-clock
[  3.596245] AppArmor: AppArmor Filesystem Enabled
[    3.667604] pnp: PnP ACPI init
[    3.671124] pnp: PnP CPI: found 3 devices
[  3748195] clocksource aci_pm: mask: 0xffffff max_cycles: 0xffffff, max_idle_ns: 2085701024 ns
[  3.9034]NE: Reisered protocol family 2

[    4.261892] TCP established hash table entries: 8192 (order: 4, 65536 bytes)
[    4.264763] TCP bid hash table entries: 8192 (order: 5, 131072 btes)
[    4.3602] TCP: Hash tables configured (established 8192 bind 8192)
[    4.437440] UDP hash table entries: 512 (order: 2, 1638 bytes)
[    4.516843] UDP-Lite hash table entries: 512 (order: 2, 16384 bytes
[    4.709427] NET: Registered protocol family 1
[    4.730696] pci 0000:00:00.0: Limiting direct PCI/PCI transfers
[    4.732438] pci 0000:00:01.0: Activating ISA DMA hang workarous[    4.853101] Unpacking initramfs...

[    8.378191] Freeing initrd memory: 10932K
[    8.393071] RAPL PMU detected, API unit is 2^-32 Joules, 4 fixed counters 10737418240 ms ovfl timer
[    8.434310] hw unit of domain pp0-core 2^-0 Joules
[    8.449222] hw unit of domain package 2^-0 Joules
[    8.470540] hw unit of domain dram 2^-0 Joules
[    8.493026] hw unit of domain pp1-gpu 2^-0 Joules
[    8.526535] platform rtc_cmos: registered platform RTC device (no PNP device found)
[    8.540785] Scanning for low memory corruption every 60 seconds
[    8.554296] audit: initializing netlink subsys (disabled)
[    8.588406] audit: type=2000 audit(1527511742.055:1): initialized
[    8.602313] Initialise system trusted keyring
[    8.619469] HugeTLB registered 2 MB page size, pre-allocated 0 pages
[    8.633366] zbud: loaded
[    8.664902] VFS: Disk quotas dquot_6.6.0
[    8.671166] VFS: Dquot-cache hash table entries: 512 (order 0, 4096 bytes)
[    8.701785] squashfs: version 4.0 (2009/01/31) Phillip Lougher
[    8.709443] fuse init (API version 7.23)
[    8.734242] Key type big_key registered
[    8.735715] Allocating IMA MOK and blacklist keyrings.
[    8.763906] Key type asymmetric registered
[    8.800981] Asymmetric key parser 'x509' registered
[    8.819856] Block layer SCSI generic (bsg) driver version 0.4 loaded (major 249)
[    8.934978] io scheduler noop registered
[    9.000268] io scheduler deadline registered (default)
[    9.002071] io scheduler cfq registered
[    9.003460] pci_hotplug: PCI Hot Plug PCI Core version: 0.5
[    9.008971] pciehp: PCI Express Hot Plug Controller Driver version: 0.4
[    9.019191] ACPI: AC Adapter [AC] (on-line)
[    9.036420] input: Power Button as /devices/LNXSYSTM:00/LNXPWRBN:00/input/input0
[    9.041661] ACPI: Power Button [PWRF]
[    9.066891] input: Sleep Button as /devices/LNXSYSTM:00/LNXSLPBN:00/input/input1
[    9.285198] ACPI: Sleep Button [SLPF]
[    9.35852] GHES: HEST is not enabled!
[    9.525182] tsc: Refined TSC clocksource calibration: 2600.548 MHz
[    9.525186] clocksource: tsc: mask: 0xffffffffffffffff max_cycles: 0x257c41c1d3a, max_idle_ns: 44075307252 ns

[   10.116826] Serial: 8250/16550 driver, 32 ports, IRQ sharing enabled
[   10.266286] 00:02: ttyS0 at I/O 0x3f8 (irq = 4, base_baud = 115200) is a 16550A
[   10.302140] Linux agpgart interface v0.103
[   10.318904] loop: module loaded
[   10.326473] scsi host0: ata_piix
[   10.332773] scsi host1: ata_piix
[   10.339912] ata1: PATA max UDMA/33 cmd 0x1f0 ctl 0x3f6 bmdma 0xd000 irq 14
[   10.351022] ata2: PATA max UDMA/33 cmd 0x170 ctl 0x376 bmdma 0xd008 irq 15
[   10.359643] libphy: Fixed MDIO Bus: probed
[   10.433926] tun: Universal TUN/TAP device driver, 1.6
[   10.464084] tun: (C) 1999-2004 Max Krasnyansky <maxk@qualcomm.com>
[   10.498137] PPP generic driver version 2.4.2
[   10.501407] ehci_hcd: USB 2.0 'Enhanced' Host Controller (EHCI) Driver
[   10.504493] ehci-pci: EHCI PCI platform driver
[   10.515025] ehci-platform: EHCI generic platform driver
[   10.516950] ohci_hcd: USB 1.1 'Open' Host Controller (OHCI) Driver
[   10.530263] ohci-pci: OHCI PCI platform driver
[   10.534637] ohci-platform: OHCI generic platform driver
[   10.549069] uhci_hcd: USB Universal Host Controller Interface driver
[   10.551066] i8042: PNP: PS/2 Controller [PNP0303:PS2K,PNP0f03:PS2M] at 0x60,0x64 irq 1,12
[   10.555333] serio: i8042 KBD port at 0x60,0x64 irq 1
[   10.560255] serio: i8042 AUX port at 0x60,0x64 irq 12
[   10.582305] mousedev: PS/2 mouse device common for all mice
[   10.585526] input: AT Translated Set 2 keyboard as /devices/platform/i8042/serio0/input/input2
[   10.622221] rtc_cmos rtc_cmos: rtc core: registered rtc_cmos as rtc0
[   10.635641] rtc_cmos rtc_cms:alarmsup to one day, 114 bytes nra
[   10.933124] i2c /dev entries driver
[   10.934518] device-mapper: uevent: version 1.0.3

[   10.937566] device-mapper: ioctl: 4.34.0-ioctl (2015-10-28) initialised: dm-devel@redhat.com
[   10.948460] ledtrig-cpu: registered to indicate activity on CPUs
[   10.950910] NET: Registered protocol family 10
[   10.953252] NET: Registered protocol family 17
[   10.955195] Key type dns_resolver registered
[   10.966080] registered taskstats version 1
[   10.970393] Loading compiled-in X.509 certificates
[   10.973413] Loaded X.509 cert 'Build time autogenerated kernel key: 9f6f572a3ee0cb468eb8db4aa61815bc74ef6adb'
[   10.986822] zswap: loaded using pool lzo/zbud
[   11.016215] Key type trusted registered
[   11.038704] Key type encrypted registered
[   11.049655] AppArmor: AppArmor sha1 policy hashing enabled
[   11.063553] ima: No TPM chip found, activating TPM-bypass!
[   11.069487] evm: HMAC attrs: 0x1
[   11.091908]   Magic number: 2:159:836
[   11.100022] rtc_cmos rtc_cmos: setting system clock to 2018-05-28 12:49:01 UTC (1527511741)
[   11.108301] BIOS EDD facility v0.16 2004-Jun-25, 0 devices found
[   11.119103] EDD information not available.
[   11.131644] Freeing unused kernel memory: 1512K
[   11.137479] Write protecting the kernel read-only data: 14336k
[   11.154638] Freeing unused kernel memory: 1692K
[   11.165354] Freeing unused kernel memory: 96K
Loading, please wait...
starting version[   11.214309] random: systemd-udevd: uninitialized urandom read (16 bytes read, 3 bits of entropy available)
 229
[   11.214911] random: udevadm: uninitialized urandom read (16 bytes read, 3 bits of entropy available)
[   11.214970] random: udevadm: uninitialized urandom read (16 bytes read, 3 bits of entropy available)
[   11.246093] random: udevadm: uninitialized urandom read (16 bytes read, 3 bits of entropy available)
[   11.246346] random: udevadm: uninitialized urandom read (16 bytes read, 3 bits of entropy available)
[   11.246820] random: udevadm: uninitialized urandom read (16 bytes read, 3 bits of entropy available)
[   11.246924] random: udevadm: uninitialized urandom read (16 bytes read, 3 bits of entropy available)
[   11.247028] random: udevadm: uninitialized urandom read (16 bytes read, 3 bits of entropy available)
[   11.247133] random: udevadm: uninitialized urandom read (16 bytes read, 3 bits of entropy available)
[   11.247227] random: udevadm: uninitialized urandom read (16 bytes read, 3 bits of entropy available)
[   11.837171] e1000: Intel(R) PRO/1000 Network Driver - version 7.3.21-k8-NAPI
[   11.900419] e1000: Copyright (c) 1999-2006 Intel Corporation.
[   11.942188] Fusion MPT base driver 3.04.20
[   11.965549] Copyright (c) 1999-2008 LSI Corporation
[   12.150921] Fusion MPT SPI Host driver 3.04.20
[   12.234778] AVX2 version of gcm_enc/dec engaged.
[   12.246353] AES CTR mode by8 optimization enabled
[   12.271377] input: ImExPS/2 Generic Explorer Mouse as /devices/platform/i8042/serio1/input/input4
[   13.358912] e1000 0000:00:03.0 eth0: (PCI:33MHz:32-bit) 02:f0:aa:2d:49:f4
[   13.365807] e1000 0000:00:03.0 eth0: Intel(R) PRO/1000 Network Connection
[   14.462479] e1000 0000:00:08.0 eth1: (PCI:33MHz:32-bit) 08:00:27:75:72:b4
[   14.483746] e1000 0000:00:08.0 eth1: Intel(R) PRO/1000 Network Connection
[   14.586926] mptbase: ioc0: Initiating bringup
[   14.601363] e1000 0000:00:03.0 enp0s3: renamed from eth0
[   14.700586] e1000 0000:00:08.0 enp0s8: renamed from eth1
[   14.847358] ioc0: LSI53C1030 A0: Capabilities={Initiator}
[   15.132062] scsi host2: ioc0: LSI53C1030 A0, FwRev=00000000h, Ports=1, MaxQ=256, IRQ=20
[   15.269310] scsi 2:0:0:0: Direct-Access     VBOX     HARDDISK         1.0  PQ: 0 ANSI: 5
[   15.282145] scsi target2:0:0: Beginning Domain Validation
[   15.303105] scsi target2:0:0: Domain Validation skipping write tests
[   15.330136] scsi target2:0:0: Ending Domain Validation
[   15.349164] scsi target2:0:0: asynchronous
[   15.360246] scsi 2:0:1:0: Direct-Access     VBOX     HARDDISK         1.0  PQ: 0 ANSI: 5
[   15.399025] scsi target2:0:1: Beginning Domain Validation
[   15.416111] scsi target2:0:1: Domain Validation skipping write tests
[   15.432653] scsi target2:0:1: Ending Domain Validation
[   15.437240] scsi target2:0:1: asynchronous
[   15.459467] sd 2:0:0:0: [sda] 20971520 512-byte logical blocks: (10.7 GB/10.0 GiB)
[   15.482085] sd 2:0:0:0: Attached scsi generic sg0 type 0
[   15.494879] sd 2:0:1:0: [sdb] 20480 512-byte logical blocks: (10.5 MB/10.0 MiB)
[   15.497678] sd 2:0:1:0: Attached scsi generic sg1 type 0
[   15.636935] sd 2:0:0:0: [sda] Write Protect is off
[   15.637159] sd 2:0:1:0: [sdb] Write Protect is off
[   15.637310] sd 2:0:1:0: [sdb] Incomplete mode parameter data
[   15.637311] sd 2:0:1:0: [sdb] Assuming drive cache: write through
[   15.669418] sd 2:0:0:0: [sda] Incomplete mode parameter data
[   15.671936] sd 2:0:1:0: [sdb] Attached SCSI disk
[   15.688579] sd 2:0:0:0: [sda] Assuming drive cache: write through
[   15.713037]  sda: sda1
[   15.725497] sd 2:0:0:0: [sda] Attached SCSI disk
Begin: Loading essential drivers ... [   17.268115] md: linear personality registered for level -1
[   17.275763] md: multipath personality registered for level -4
[   17.283461] md: raid0 personality registered for level 0
[   17.295673] md: raid1 personality registered for level 1
[   17.372750] raid6: sse2x1   gen()  7138 MB/s
[   17.442789] raid6: sse2x1   xor()  5600 MB/s
[   17.557233] raid6: sse2x2   gen()  3399 MB/s
[   17.633855] raid6: sse2x2   xor()  1854 MB/s
[   17.728661] raid6: sse2x4   gen()  9268 MB/s
[   17.796422] raid6: sse2x4   xor()  6331 MB/s
[   17.868511] raid6: avx2x1   gen() 14879 MB/s
[   17.944827] raid6: avx2x2   gen() 18027 MB/s
[   18.020399] raid6: avx2x4   gen() 20153 MB/s
[   18.024854] raid6: using algorithm avx2x4 gen() 20153 MB/s
[   18.026837] raid6: using avx2x2 recovery algorithm
[   18.035734] xor: automatically using best checksumming function:
[   18.076831]    avx       : 18203.000 MB/sec
[   18.088936] async_tx: api initialized (async)
[   18.103086] md: raid6 personality registered for level 6
[   18.116061] md: raid5 personality registered for level 5
[   18.120501] md: raid4 personality registered for level 4
[   18.142290] md: raid10 personality registered for level 10
done.
Begin: Running /scripts/init-premount ... done.
Begin: Mounting root file system ... Begin: Run[   18.195636] Btrfs loaded
ning /scripts/local-top ... done.
Begin: Running /scripts/local-premount ... Scanning for Btrfs filesystems
done.
Warning: fsck not present, so skipping root file system
[   18.313121] EXT4-fs (sda1): mounted filesystem with ordered data mode. Opts: (null)
done.
Begin: Running /scripts/local-bottom ... done.
Begin: Running /scripts/init-bottom ... done.
[   19.641306] systemd[1]: systemd 229 running in system mode. (+PAM +AUDIT +SELINUX +IMA +APPARMOR +SMACK +SYSVINIT +UTMP +LIBCRYPTSETUP +GCRYPT +GNUTLS +ACL +XZ -LZ4 +SECCOMP +BLKID +ELFUTILS +KMOD -IDN)
[   19.665913] systemd[1]: Detected virtualization oracle.
[   19.667899] systemd[1]: Detected architecture x86-64.

Welcome to [1mUbuntu 16.04.4 LTS[0m!

[   19.708479] systemd[1]: Set hostname to <eyeswarm-02>.
[   19.845651] random: nonblocking pool is initialized
[   20.727485] systemd[1]: Listening on Journal Audit Socket.
[[0;32m  OK  [0m] Listening on Journal Audit Socket.
[   20.742457] systemd[1]: Reached target User and Group Name Lookups.
[[0;32m  OK  [0m] Reached target User and Group Name Lookups.
[   20.747210] systemd[1]: Listening on LVM2 metadata daemon socket.
[[0;32m  OK  [0m] Listening on LVM2 metadata daemon socket.
[   20.751244] systemd[1]: Listening on udev Kernel Socket.
[[0;32m  OK  [0m] Listening on udev Kernel Socket.
[   20.759322] systemd[1]: Created slice User and Session Slice.
[[0;32m  OK  [0m] Created slice User and Session Slice.
[   20.766105] systemd[1]: Listening on /dev/initctl Compatibility Named Pipe.
[[0;32m  OK  [0m] Listening on /dev/initctl Compatibility Named Pipe.
[   20.771445] systemd[1]: Created slice System Slice.
[[0;32m  OK  [0m] Created slice System Slice.
[   20.787655] systemd[1]: Reached target Swap.
[[0;32m  OK  [0m] Reached target Swap.
[   20.805305] systemd[1]: Created slice system-serial\x2dgetty.slice.
[[0;32m  OK  [0m] Created slice system-serial\x2dgetty.slice.
[   20.812637] systemd[1]: Started Forward Password Requests to Wall Directory Watch.
[[0;32m  OK  [0m] Started Forward Password Requests to Wall Directory Watch.
[   20.818893] systemd[1]: Listening on Journal Socket.
[[0;32m  OK  [0m] Listening on Journal Socket.
[   20.841298] systemd[1]: Starting Create list of required static device nodes for the current kernel...
         Starting Create list of required st... nodes for the current kernel...
[   20.878194] systemd[1]: Mounting Huge Pages File System...
         Mounting Huge Pages File System...
[   20.885466] systemd[1]: Starting Remount Root and Kernel File Systems...
         Starting Remount Root and Kernel File Systems...
[   20.928785] systemd[1]: Mounting POSIX Message Queue File System...
         Mounting POSIX Message Queue File System...
[   20.944249] systemd[1]: Listening on Device-mapper event daemon FIFOs.
[   20.963308] EXT4-fs (sda1): re-mounted. Opts: (null)
[[0;32m  OK  [0m] Listening on Device-mapper event daemon FIFOs.
[   20.977091] systemd[1]: Set up automount Arbitrary Executable File Formats File System Automount Point.
[[0;32m  OK  [0m] Set up automount Arbitrary Executab...ats File System Automount Point.
[   21.032674] systemd[1]: Starting Set console keymap...
         Starting Set console keymap...
[   21.117825] systemd[1]: Starting Uncomplicated firewall...
         Starting Uncomplicated firewall...
[   21.19275] systemd[1]: Listening on Journal Socket (/dev/log).

[[0;32m  OK  [0m] Listening on Journal Socket (/dev/log).
[   21.234152] systemd[1]: Listening on udev Control Socket.
[[0;32m  OK  [0m] Listening on udev Control Socket.
[   21.244848] systemd[1]: Reached target System Time Synchronized.
[[0;32m  OK  [0m] Reached target System Time Synchronized.
[   21.249873] systemd[1]: Reached target Encrypted Volumes.
[[0;32m  OK  [0m] Reached target Encrypted Volumes.
[   21.268777] systemd[1]: Starting Nameserver information manager...
         Starting Nameserver information manager...
[   21.282334] systemd[1]: Listening on Syslog Socket.
[[0;32m  OK  [0m] Listening on Syslog Socket.
[   21.291877] systemd[1]: Starting Journal Service...
         Starting Journal Service...
[   21.304106] systemd[1]: Mounting Debug File System...
         Mounting Debug File System...
[   21.321334] systemd[1]: Listening on LVM2 poll daemon socket.
[[0;32m  OK  [0m] Listening on LVM2 poll daemon socket.
[   21.330364] systemd[1]: Started Trigger resolvconf update for networkd DNS.
[[0;32m  OK  [0m] Started Trigger resolvconf update for networkd DNS.
[   21.373160] systemd[1]: Starting Monitoring of LVM2 mirrors, snapshots etc. using dmeventd or progress polling...
         Starting Monitoring of LVM2 mirrors... dmeventd or progress polling...
[   21.400889] systemd[1]: Starting Load Kernel Modules...
         Starting Load Kernel Modules...
[   21.428998] systemd[1]: Reached target Slices.
[[0;32m  OK  [0m] Reached target Slices.
[   21.447775] systemd[1]: Mounted Huge Pages File System.
[[0;32m  OK  [0m] Mounted Huge Pages File System.
[   21.461716] systemd[1]: Mounted Debug File System.
[[0;32m  OK  [0m] Mounted Debu[   21.481450] Loading iSCSI transport class v2.0-870.
g File System.
[   21.495515] systemd[1]: Mounted POSIX Message Queue File System.
[[0;32m  OK  [0m] Mounted POSI[   21.645553] iscsi: registered transport (tcp)
X Message Queue File System.
[   21.665437] systemd[1]: Started Journal Service.
[[0;32m  OK  [0m] Started Journal Service.
[[0;32m  OK  [0m] Started Create list of required sta...ce nodes for the current kernel.
[[0;32m  OK  [0m] Started Remount Root and Kernel File Systems.
[[0;32m  OK  [0m] Started Set console keymap.
[[0;32m  OK  [0m] Started Uncomplicated firewall.
[   21.736218] iscsi: registered transport (iser)
[[0;32m  OK  [0m] Started Load Kernel Modules.
[[0;32m  OK  [0m] Started Nameserver information manager.
[[0;32m  OK  [0m] Started LVM2 metadata daemon.
         Mounting FUSE Control File System...
         Starting Apply Kernel Variables...
         Starting Load/Save Random Seed...
         Starting udev Coldplug all Devices...
         Starting Create Static Device Nodes in /dev...
         Starting Flush Journal to Persistent Storage...
[[0;32m  OK  [0m] Mounted FUSE Control File System.
[[0;32m  OK  [0m] Started Monitoring of LVM2 mirrors,...ng dmeventd or progress polling.
[[0;32m  OK  [0m] Started Apply Kernel Variables.
[[0;32m  OK  [0m] Started Load/Save Random Seed.
[[0;32m  OK  [0m] Started Create Static Device Nodes in /dev.
[[0;32m  OK  [0m] Started udev Coldplug all Devices.
         Starting udev Kernel Device Manager...
[[0;32m  OK  [0m] Started Flush Journal to Persistent Storage.
[[0;32m  OK  [0m] Started udev Kernel Device Manager.
[[0;32m  OK  [0m] Started Dispatch Password Requests to Console Directory Watch.
[[0;32m  OK  [0m] Reached target Local File Systems (Pre).
[[0;32m  OK  [0m] Reached target Local File Systems.
         Starting Create Volatile Files and Directories...
         Starting LSB: AppArmor initialization...
         Starting Initial cloud-init job (pre-networking)...
         Starting Set console font and keymap...
         Starting Tell Plymouth To Write Out Runtime Data...
[[0;32m  OK  [0m] Started Tell Plymouth To Write Out Runtime Data.
[[0;32m  OK  [0m] Found device /dev/ttyS0.
[[0;32m  OK  [0m] Started Create Volatile Files and Directories.
         Starting Update UTMP about System Boot/Shutdown...
[[0;32m  OK  [0m] Started Update UTMP about System Boot/Shutdown.
[[0;32m  OK  [0m] Found device 82540EM Gigabit Ethern...r (PRO/1000 MT Desktop Adapter).
[[0;32m  OK  [0m] Found device 82540EM Gigabit Ethern...r (PRO/1000 MT Desktop Adapter).
[[0;32m  OK  [0m] Listening on Load/Save RF Kill Switch Status /dev/rfkill Watch.
[[0;32m  OK  [0m] Started Set console font and keymap.
[[0;32m  OK  [0m] Started LSB: AppArmor initialization.
[[0;32m  OK  [0m] Created slice system-getty.slice.
[   25.978659] cloud-init[481]: Cloud-init v. 18.2 running 'init-local' at Mon, 28 May 2018 12:49:18 +0000. Up 24.83 seconds.
[[0;32m  OK  [0m] Started Initial cloud-init job (pre-networking).
[[0;32m  OK  [0m] Reached target Network (Pre).
         Starting Raise network interfaces...
[[0;32m  OK  [0m] Started ifup for enp0s8.
[[0;32m  OK  [0m] Started ifup for enp0s3.
[[0;32m  OK  [0m] Started Raise network interfaces.
[[0;32m  OK  [0m] Reached target Network.
         Starting Initial cloud-init job (metadata service crawler)...
[   29.178118] cloud-init[1094]: Cloud-init v. 18.2 running 'init' at Mon, 28 May 2018 12:49:21 +0000. Up 27.72 seconds.
[   29.241925] cloud-init[1094]: ci-info: ++++++++++++++++++++++++++++++++++++++Net device info++++++++++++++++++++++++++++++++++++++
[[0;32m  OK  [0m] Started Initial cloud-init job (metadata service crawler).
[[   29.299065] cloud-init[1094]: ci-info: +--------+------+-----------------------------+---------------+-------+-------------------+
[   29.346478] cloud-init[1094]: ci-info: | Device |  Up  |           Address           |      Mask     | Scope |     Hw-Address    |
[0;32m  OK  [0m] Reached target Cloud-config availability.
[[   29.347141] cloud-init[1094]: ci-info: +--------+------+-----------------------------+---------------+-------+-------------------+
[   29.459857] cloud-init[1094]: ci-info: | enp0s3 | True |          10.0.2.15          | 255.255.255.0 |   .   | 02:f0:aa:2d:49:f4 |
[0;32m  OK  [0m] Reached target Network is Online.
[   29.460500] cloud-init[1094]: ci-info: | enp0s3 | True |  fe80::f0:aaff:fe2d:49f4/64 |       .       |  link | 02:f0:aa:2d:49:f4 |
[   29.646655] cloud-init[1094]: ci-info: | enp0s8 | True |         172.17.8.12         | 255.255.255.0 |   .   | 08:00:27:75:72:b4 |
[   29.647075] cloud-init[1094]: ci-info: | enp0s8 | True | fe80::a00:27ff:fe75:72b4/64 |       .       |  link | 08:00:27:75:72:b4 |
         Starting iSCSI initiator daemon (iscsid)...
[[   29.647417] cloud-init[1094]: ci-info: |   lo   | True |          127.0.0.1          |   255.0.0.0   |   .   |         .         |
[   29.770301] cloud-init[1094]: ci-info: |   lo   | True |           ::1/128           |       .       |  host |         .         |
[0;32m  OK  [0m] Reached target System Initialization.
[   29.770553] cloud-init[1094]: ci-info: +--------+------+-----------------------------+---------------+-------+-------------------+
[   29.972572] cloud-init[1094]: ci-info: +++++++++++++++++++++++++++Route IPv4 info++++++++++++++++++++++++++++
[   29.973265] cloud-init[1094]: ci-info: +-------+-------------+----------+---------------+-----------+-------+
[[0;32m  OK  [0m] Started ACPI Events Check.
[   29.973563] cloud-init[1094]: ci-info: | Route | Destination | Gateway  |    Genmask    | Interface | Flags |
[[   30.126977] [0;32m  OK  [0mcloud-init] [1094]: Reached target Paths.ci-info: +-------+-------------+----------+---------------+-----------+-------+

         Starting Docker Socket for the API.
[[0;32m  OK  [0m] Listening on D-Bus System Message Bus Socket.
[   30.127340] cloud-init[1094]: ci-info: |   0   |   0.0.0.0   | 10.0.2.2 |    0.0.0.0    |   enp0s3  |   UG  |
[   30.249769] cloud-init[1094]: ci-info: |   1   |   10.0.2.0  | 0.0.0.0  | 255.255.255.0 |   enp0s3  |   U   |
         Starting LXD - unix socket.[   30.250483] 
cloud-init[1094]: ci-info: |   2   |  172.17.8.0 | 0.0.0.0  | 255.255.255.0 |   enp0s8  |   U   |
[   30.251361] cloud-init[1094]: ci-info: +-------+-------------+----------+---------------+-----------+-------+
[[0;32m  OK  [0m] Started Daily apt download activities.
[[0;32m  OK  [0m] Listening on ACPID Listen Socket.
         Starting Socket activation for snappy daemon.
[[0;32m  OK  [0m] Started Daily Cleanup of Temporary Directories.
[[0;32m  OK  [0m] Started Daily apt upgrade and clean activities.
[[0;32m  OK  [0m] Reached target Timers.
[[0;32m  OK  [0m] Listening on UUID daemon activation socket.
[[0;32m  OK  [0m] Listening on Docker Socket for the API.
[[0;32m  OK  [0m] Listening on LXD - unix socket.
[[0;32m  OK  [0m] Listening on Socket activation for snappy daemon.
[[0;32m  OK  [0m] Started iSCSI initiator daemon (iscsid).
         Starting Login to default iSCSI targets...
[[0;32m  OK  [0m] Reached target Sockets.
[[0;32m  OK  [0m] Reached target Basic System.
         Starting LSB: MD monitoring daemon...
         Starting /etc/rc.local Compatibility...
         Starting Login Service...
         Starting Apply the settings specified in cloud-config...
[[0;32m  OK  [0m] Started Regular background program processing daemon.
         Starting Accounts Service...
         Starting LXD - container startup/shutdown...
         Starting System Logging Service...
         Starting Virtualbox guest utils...
[[0;32m  OK  [0m] Started Deferred execution scheduler.
[[0;32m  OK  [0m] Started FUSE filesystem for LXC.
[[0;32m  OK  [0m] Started Unattended Upgrades Shutdown.
[[0;32m  OK  [0m] Started D-Bus System Message Bus.
         Starting Snappy daemon...
         Starting LSB: Record successful boot for GRUB...
[   31.808782] cloud-init[1162]: Cloud-init v. 18.2 running 'modules:config' at Mon, 28 May 2018 12:49:24 +0000. Up 31.33 seconds.
[[0;32m  OK  [0m] Started ACPI event daemon.
         Starting OpenBSD Secure Shell server...
         Starting Docker Application Container Engine...
[[0;32m  OK  [0m] Started System Logging Service.
[[0;32m  OK  [0m] Started /etc/rc.local Compatibility.
[[0;32m  OK  [0m] Started Apply the settings specified in cloud-config.
[[0;32m  OK  [0m] Started Login Service.
         Starting Authenticate and Authorize Users to Run Privileged Tasks...
[[0;32m  OK  [0m] Started Login to default iSCSI targets.
[[0;32m  OK  [0m] Reached target Remote File Systems (Pre).
[[0;32m  OK  [0m] Reached target Remote File Systems.
         Starting LSB: Set the CPU Frequency Scaling governor to "ondemand"...
         Starting LSB: daemon to balance interrupts for SMP systems...
         Starting LSB: automatic crash report generation...
         Starting Permit User Sessions...
[[0;32m  OK  [0m] Started LSB: MD monitoring daemon.
[[0;32m  OK  [0m] Started LSB: Record successful boot for GRUB.
[[0;32m  OK  [0m] Started LSB: Set the CPU Frequency Scaling governor to "ondemand".
[[0;32m  OK  [0m] Started Permit User Sessions.
         Starting Hold until boot process finishes up...
         Starting Terminate Plymouth Boot Screen...
[[0;32m  OK  [0m] Started LSB: daemon to balance interrupts for SMP systems.
[[0;32m  OK  [0m] Started Hold until boot process finishes up.
[[0;32m  OK  [0m] Started Terminate Plymouth Boot Screen.
[[0;32m  OK  [0m] Started Authenticate and Authorize Users to Run Privileged Tasks.
[[0;32m  OK  [0m] Started LSB: automatic crash report generation.
[[0;32m  OK  [0m] Started Accounts Service.
[[0;32m  OK  [0m] Started Getty on tty1.
         Starting Set console scheme...
[[0;32m  OK  [0m] Started Serial Getty on ttyS0.
[[0;32m  OK  [0m] Reached target Login Prompts.
[[0;32m  OK  [0m] Started Set console scheme.
[[0;32m  OK  [0m] Started Virtualbox guest utils.
[[0;32m  OK  [0m] Started OpenBSD Secure Shell server.
[[0;32m  OK  [0m] Created slice User Slice of vagrant.
         Starting User Manager for UID 1000...
[[0;32m  OK  [0m] Started Session 1 of user vagrant.
[[0;32m  OK  [0m] Started LXD - container startup/shutdown.
[[0;32m  OK  [0m] Started User Manager for UID 1000.
[[0;32m  OK  [0m] Started Snappy daemon.

Ubuntu 16.04.4 LTS eyeswarm-02 ttyS0

eyeswarm-02 login: [   44.849125] cloud-init[1857]: Cloud-init v. 18.2 running 'modules:final' at Mon, 28 May 2018 12:49:37 +0000. Up 43.88 seconds.
[   44.850262] cloud-init[1857]: Cloud-init v. 18.2 finished at Mon, 28 May 2018 12:49:38 +0000. Datasource DataSourceNoCloud [seed=/dev/sdb][dsmode=net].  Up 44.83 seconds
